<?xml version="1.0" encoding="UTF-8"?>
<!-- Generated by org.testng.reporters.JUnitReportReporter -->
<testsuite skipped="0" hostname="DESKTOP-LUO82E1" name="testCases.TC_001_verifyLogin" tests="1" failures="0" timestamp="17 Aug 2019 18:54:52 GMT" time="1.045" errors="0">
  <testcase name="verifyLogin" time="1.045" classname="testCases.TC_001_verifyLogin"/>
</testsuite> <!-- testCases.TC_001_verifyLogin -->
