<?xml version="1.0" encoding="UTF-8"?>
<!-- Generated by org.testng.reporters.JUnitReportReporter -->
<testsuite skipped="0" hostname="DESKTOP-LUO82E1" name="testCases.TC_002_verifyAddPayee" tests="1" failures="0" timestamp="17 Aug 2019 18:36:32 GMT" time="2.939" errors="0">
  <testcase name="AddPAyee" time="2.939" classname="testCases.TC_002_verifyAddPayee"/>
</testsuite> <!-- testCases.TC_002_verifyAddPayee -->
